Сборка начата 14.10.16 22:46:10.
     1>Проект "E:\с++ 3 семестр\лаба3_3\лаба3_3\лаба3_3.vcxproj" в узле 2 (целевые объекты Rebuild).
     1>ClCompile:
         C:\Program Files (x86)\Microsoft Visual Studio 12.0\VC\bin\CL.exe /c /ZI /nologo /W3 /WX- /sdl /Od /Oy- /D WIN32 /D _DEBUG /D _CONSOLE /D _LIB /D _UNICODE /D UNICODE /Gm /EHsc /RTC1 /MDd /GS /fp:precise /Zc:wchar_t /Zc:forScope /Yc"stdafx.h" /Fp"Debug\лаба3_3.pch" /Fo"Debug\\" /Fd"Debug\vc120.pdb" /Gd /TP /analyze- /errorReport:prompt stdafx.cpp
         stdafx.cpp
         C:\Program Files (x86)\Microsoft Visual Studio 12.0\VC\bin\CL.exe /c /ZI /nologo /W3 /WX- /sdl /Od /Oy- /D WIN32 /D _DEBUG /D _CONSOLE /D _LIB /D _UNICODE /D UNICODE /Gm /EHsc /RTC1 /MDd /GS /fp:precise /Zc:wchar_t /Zc:forScope /Yu"stdafx.h" /Fp"Debug\лаба3_3.pch" /Fo"Debug\\" /Fd"Debug\vc120.pdb" /Gd /TP /analyze- /errorReport:prompt Advertisement.cpp Cartoon.cpp Film.cpp HF.cpp News.cpp TP.cpp "лаба3_3.cpp"
         лаба3_3.cpp
         TP.cpp
         News.cpp
         HF.cpp
         Film.cpp
         Cartoon.cpp
         Advertisement.cpp
         Создание кода...
       Link:
         C:\Program Files (x86)\Microsoft Visual Studio 12.0\VC\bin\link.exe /ERRORREPORT:PROMPT /OUT:"E:\с++ 3 семестр\лаба3_3\Debug\лаба3_3.exe" /INCREMENTAL /NOLOGO kernel32.lib user32.lib gdi32.lib winspool.lib comdlg32.lib advapi32.lib shell32.lib ole32.lib oleaut32.lib uuid.lib odbc32.lib odbccp32.lib /MANIFEST /MANIFESTUAC:"level='asInvoker' uiAccess='false'" /manifest:embed /DEBUG /PDB:"E:\с++ 3 семестр\лаба3_3\Debug\лаба3_3.pdb" /SUBSYSTEM:CONSOLE /TLBID:1 /DYNAMICBASE /NXCOMPAT /IMPLIB:"E:\с++ 3 семестр\лаба3_3\Debug\лаба3_3.lib" /MACHINE:X86 Debug\Advertisement.obj
         Debug\Cartoon.obj
         Debug\Film.obj
         Debug\HF.obj
         Debug\News.obj
         Debug\stdafx.obj
         Debug\TP.obj
         "Debug\лаба3_3.obj"
         лаба3_3.vcxproj -> E:\с++ 3 семестр\лаба3_3\Debug\лаба3_3.exe
     1>Сборка проекта "E:\с++ 3 семестр\лаба3_3\лаба3_3\лаба3_3.vcxproj" завершена (целевые объекты Rebuild).

Сборка успешно завершена.

Затраченное время: 00:00:03.75
