e:\с++ 3 семестр\лаба3_3\лаба3_3\debug\лаба3_3.pch
e:\с++ 3 семестр\лаба3_3\лаба3_3\debug\vc120.pdb
e:\с++ 3 семестр\лаба3_3\лаба3_3\debug\vc120.idb
e:\с++ 3 семестр\лаба3_3\лаба3_3\debug\stdafx.obj
e:\с++ 3 семестр\лаба3_3\лаба3_3\debug\advertisement.obj
e:\с++ 3 семестр\лаба3_3\лаба3_3\debug\cartoon.obj
e:\с++ 3 семестр\лаба3_3\лаба3_3\debug\film.obj
e:\с++ 3 семестр\лаба3_3\лаба3_3\debug\hf.obj
e:\с++ 3 семестр\лаба3_3\лаба3_3\debug\news.obj
e:\с++ 3 семестр\лаба3_3\лаба3_3\debug\tp.obj
e:\с++ 3 семестр\лаба3_3\лаба3_3\debug\лаба3_3.obj
e:\с++ 3 семестр\лаба3_3\debug\лаба3_3.ilk
e:\с++ 3 семестр\лаба3_3\debug\лаба3_3.exe
e:\с++ 3 семестр\лаба3_3\debug\лаба3_3.pdb
e:\с++ 3 семестр\лаба3_3\лаба3_3\debug\лаба3_3.tlog\cl.command.1.tlog
e:\с++ 3 семестр\лаба3_3\лаба3_3\debug\лаба3_3.tlog\cl.read.1.tlog
e:\с++ 3 семестр\лаба3_3\лаба3_3\debug\лаба3_3.tlog\cl.write.1.tlog
e:\с++ 3 семестр\лаба3_3\лаба3_3\debug\лаба3_3.tlog\link.command.1.tlog
e:\с++ 3 семестр\лаба3_3\лаба3_3\debug\лаба3_3.tlog\link.read.1.tlog
e:\с++ 3 семестр\лаба3_3\лаба3_3\debug\лаба3_3.tlog\link.write.1.tlog
